@@ -1,3 +0,0 @@
 -<testsuite name="Mocha Tests" tests="1" failures="0" errors="0" skipped="0" timestamp="Fri, 06 Feb 2015 07:14:32 GMT" time="0.019">
 -<testcase classname="GET /" name="respond with hello jenkins" time="0.017"/>
 -</testsuite>
